2022-05-10 13:05:45.544  INFO 11904 --- [main] c.s.s.service.ProductServiceImplTest     : Starting ProductServiceImplTest using Java 1.8.0_05 on Vamshi with PID 11904 (started by abhinay in D:\SF Guru\spring-data-jpa-basics)
2022-05-10 13:05:45.557  INFO 11904 --- [main] c.s.s.service.ProductServiceImplTest     : No active profile set, falling back to 1 default profile: "default"
2022-05-10 13:05:46.638  INFO 11904 --- [main] .s.d.r.c.RepositoryConfigurationDelegate : Bootstrapping Spring Data JPA repositories in DEFAULT mode.
2022-05-10 13:05:46.779  INFO 11904 --- [main] .s.d.r.c.RepositoryConfigurationDelegate : Finished Spring Data repository scanning in 110 ms. Found 1 JPA repository interfaces.
2022-05-10 13:05:48.685  INFO 11904 --- [main] com.zaxxer.hikari.HikariDataSource       : HikariPool-1 - Starting...
2022-05-10 13:05:50.604  INFO 11904 --- [main] com.zaxxer.hikari.HikariDataSource       : HikariPool-1 - Start completed.
2022-05-10 13:05:50.742  INFO 11904 --- [main] o.hibernate.jpa.internal.util.LogHelper  : HHH000204: Processing PersistenceUnitInfo [name: default]
2022-05-10 13:05:51.150  INFO 11904 --- [main] org.hibernate.Version                    : HHH000412: Hibernate ORM core version 5.6.8.Final
2022-05-10 13:05:51.761  INFO 11904 --- [main] o.hibernate.annotations.common.Version   : HCANN000001: Hibernate Commons Annotations {5.1.2.Final}
2022-05-10 13:05:52.179  INFO 11904 --- [main] org.hibernate.dialect.Dialect            : HHH000400: Using dialect: org.hibernate.dialect.MySQL8Dialect
2022-05-10 13:05:53.797  INFO 11904 --- [main] o.h.e.t.j.p.i.JtaPlatformInitiator       : HHH000490: Using JtaPlatform implementation: [org.hibernate.engine.transaction.jta.platform.internal.NoJtaPlatform]
2022-05-10 13:05:53.826  INFO 11904 --- [main] j.LocalContainerEntityManagerFactoryBean : Initialized JPA EntityManagerFactory for persistence unit 'default'
2022-05-10 13:05:56.226  INFO 11904 --- [main] c.s.s.service.ProductServiceImplTest     : Started ProductServiceImplTest in 11.931 seconds (JVM running for 15.771)
2022-05-10 13:05:57.835  INFO 11904 --- [main] c.s.s.service.ProductServiceImplTest     : Logging products by findByPriceBetween() Sony Xperia
2022-05-10 13:05:57.870  INFO 11904 --- [SpringApplicationShutdownHook] j.LocalContainerEntityManagerFactoryBean : Closing JPA EntityManagerFactory for persistence unit 'default'
2022-05-10 13:05:57.877  INFO 11904 --- [SpringApplicationShutdownHook] com.zaxxer.hikari.HikariDataSource       : HikariPool-1 - Shutdown initiated...
2022-05-10 13:05:57.901  INFO 11904 --- [SpringApplicationShutdownHook] com.zaxxer.hikari.HikariDataSource       : HikariPool-1 - Shutdown completed.
2022-05-10 13:10:06.337  INFO 2264 --- [main] c.s.s.service.ProductServiceImplTest     : Starting ProductServiceImplTest using Java 1.8.0_05 on Vamshi with PID 2264 (started by abhinay in D:\SF Guru\spring-data-jpa-basics)
2022-05-10 13:10:06.340  INFO 2264 --- [main] c.s.s.service.ProductServiceImplTest     : No active profile set, falling back to 1 default profile: "default"
2022-05-10 13:10:07.504  INFO 2264 --- [main] .s.d.r.c.RepositoryConfigurationDelegate : Bootstrapping Spring Data JPA repositories in DEFAULT mode.
2022-05-10 13:10:07.631  INFO 2264 --- [main] .s.d.r.c.RepositoryConfigurationDelegate : Finished Spring Data repository scanning in 97 ms. Found 1 JPA repository interfaces.
2022-05-10 13:10:08.971  INFO 2264 --- [main] com.zaxxer.hikari.HikariDataSource       : HikariPool-1 - Starting...
2022-05-10 13:10:10.211  INFO 2264 --- [main] com.zaxxer.hikari.HikariDataSource       : HikariPool-1 - Start completed.
2022-05-10 13:10:10.507  INFO 2264 --- [main] o.hibernate.jpa.internal.util.LogHelper  : HHH000204: Processing PersistenceUnitInfo [name: default]
2022-05-10 13:10:10.715  INFO 2264 --- [main] org.hibernate.Version                    : HHH000412: Hibernate ORM core version 5.6.8.Final
2022-05-10 13:10:11.032  INFO 2264 --- [main] o.hibernate.annotations.common.Version   : HCANN000001: Hibernate Commons Annotations {5.1.2.Final}
2022-05-10 13:10:11.298  INFO 2264 --- [main] org.hibernate.dialect.Dialect            : HHH000400: Using dialect: org.hibernate.dialect.MySQL8Dialect
2022-05-10 13:10:12.349  INFO 2264 --- [main] o.h.e.t.j.p.i.JtaPlatformInitiator       : HHH000490: Using JtaPlatform implementation: [org.hibernate.engine.transaction.jta.platform.internal.NoJtaPlatform]
2022-05-10 13:10:12.363  INFO 2264 --- [main] j.LocalContainerEntityManagerFactoryBean : Initialized JPA EntityManagerFactory for persistence unit 'default'
2022-05-10 13:10:14.570  INFO 2264 --- [main] c.s.s.service.ProductServiceImplTest     : Started ProductServiceImplTest in 9.336 seconds (JVM running for 12.711)
2022-05-10 13:10:15.660  INFO 2264 --- [main] c.s.s.service.ProductServiceImplTest     : Logging products by findByPriceBetween() Iphone
2022-05-10 13:10:15.661  INFO 2264 --- [main] c.s.s.service.ProductServiceImplTest     : Logging products by findByPriceBetween() S20
2022-05-10 13:10:15.661  INFO 2264 --- [main] c.s.s.service.ProductServiceImplTest     : Logging products by findByPriceBetween() Oneplus 8pro
2022-05-10 13:10:15.662  INFO 2264 --- [main] c.s.s.service.ProductServiceImplTest     : Logging products by findByPriceBetween() Sony Xperia
2022-05-10 13:10:15.715  INFO 2264 --- [SpringApplicationShutdownHook] j.LocalContainerEntityManagerFactoryBean : Closing JPA EntityManagerFactory for persistence unit 'default'
2022-05-10 13:10:15.720  INFO 2264 --- [SpringApplicationShutdownHook] com.zaxxer.hikari.HikariDataSource       : HikariPool-1 - Shutdown initiated...
2022-05-10 13:10:15.736  INFO 2264 --- [SpringApplicationShutdownHook] com.zaxxer.hikari.HikariDataSource       : HikariPool-1 - Shutdown completed.
2022-05-10 13:11:47.915  INFO 3368 --- [main] c.s.s.service.ProductServiceImplTest     : Starting ProductServiceImplTest using Java 1.8.0_05 on Vamshi with PID 3368 (started by abhinay in D:\SF Guru\spring-data-jpa-basics)
2022-05-10 13:11:47.920  INFO 3368 --- [main] c.s.s.service.ProductServiceImplTest     : No active profile set, falling back to 1 default profile: "default"
2022-05-10 13:11:49.177  INFO 3368 --- [main] .s.d.r.c.RepositoryConfigurationDelegate : Bootstrapping Spring Data JPA repositories in DEFAULT mode.
2022-05-10 13:11:49.327  INFO 3368 --- [main] .s.d.r.c.RepositoryConfigurationDelegate : Finished Spring Data repository scanning in 123 ms. Found 1 JPA repository interfaces.
2022-05-10 13:11:51.228  INFO 3368 --- [main] com.zaxxer.hikari.HikariDataSource       : HikariPool-1 - Starting...
2022-05-10 13:11:52.266  INFO 3368 --- [main] com.zaxxer.hikari.HikariDataSource       : HikariPool-1 - Start completed.
2022-05-10 13:11:52.626  INFO 3368 --- [main] o.hibernate.jpa.internal.util.LogHelper  : HHH000204: Processing PersistenceUnitInfo [name: default]
2022-05-10 13:11:52.802  INFO 3368 --- [main] org.hibernate.Version                    : HHH000412: Hibernate ORM core version 5.6.8.Final
2022-05-10 13:11:53.149  INFO 3368 --- [main] o.hibernate.annotations.common.Version   : HCANN000001: Hibernate Commons Annotations {5.1.2.Final}
2022-05-10 13:11:53.400  INFO 3368 --- [main] org.hibernate.dialect.Dialect            : HHH000400: Using dialect: org.hibernate.dialect.MySQL8Dialect
2022-05-10 13:11:54.571  INFO 3368 --- [main] o.h.e.t.j.p.i.JtaPlatformInitiator       : HHH000490: Using JtaPlatform implementation: [org.hibernate.engine.transaction.jta.platform.internal.NoJtaPlatform]
2022-05-10 13:11:54.589  INFO 3368 --- [main] j.LocalContainerEntityManagerFactoryBean : Initialized JPA EntityManagerFactory for persistence unit 'default'
2022-05-10 13:11:56.663  INFO 3368 --- [main] c.s.s.service.ProductServiceImplTest     : Started ProductServiceImplTest in 9.701 seconds (JVM running for 13.145)
2022-05-10 13:11:57.379  INFO 3368 --- [main] c.s.s.service.ProductServiceImplTest     : Logging products by findByPriceBetween() Iphone
2022-05-10 13:11:57.380  INFO 3368 --- [main] c.s.s.service.ProductServiceImplTest     : Logging products by findByPriceBetween() S20
2022-05-10 13:11:57.380  INFO 3368 --- [main] c.s.s.service.ProductServiceImplTest     : Logging products by findByPriceBetween() Oneplus 8pro
2022-05-10 13:11:57.420  INFO 3368 --- [SpringApplicationShutdownHook] j.LocalContainerEntityManagerFactoryBean : Closing JPA EntityManagerFactory for persistence unit 'default'
2022-05-10 13:11:57.424  INFO 3368 --- [SpringApplicationShutdownHook] com.zaxxer.hikari.HikariDataSource       : HikariPool-1 - Shutdown initiated...
2022-05-10 13:11:57.449  INFO 3368 --- [SpringApplicationShutdownHook] com.zaxxer.hikari.HikariDataSource       : HikariPool-1 - Shutdown completed.
2022-05-10 13:17:31.119  INFO 9176 --- [main] c.s.s.service.ProductServiceImplTest     : Starting ProductServiceImplTest using Java 1.8.0_05 on Vamshi with PID 9176 (started by abhinay in D:\SF Guru\spring-data-jpa-basics)
2022-05-10 13:17:31.121  INFO 9176 --- [main] c.s.s.service.ProductServiceImplTest     : No active profile set, falling back to 1 default profile: "default"
2022-05-10 13:17:32.104  INFO 9176 --- [main] .s.d.r.c.RepositoryConfigurationDelegate : Bootstrapping Spring Data JPA repositories in DEFAULT mode.
2022-05-10 13:17:32.377  INFO 9176 --- [main] .s.d.r.c.RepositoryConfigurationDelegate : Finished Spring Data repository scanning in 243 ms. Found 1 JPA repository interfaces.
2022-05-10 13:17:33.958  INFO 9176 --- [main] com.zaxxer.hikari.HikariDataSource       : HikariPool-1 - Starting...
2022-05-10 13:17:34.950  INFO 9176 --- [main] com.zaxxer.hikari.HikariDataSource       : HikariPool-1 - Start completed.
2022-05-10 13:17:35.257  INFO 9176 --- [main] o.hibernate.jpa.internal.util.LogHelper  : HHH000204: Processing PersistenceUnitInfo [name: default]
2022-05-10 13:17:35.444  INFO 9176 --- [main] org.hibernate.Version                    : HHH000412: Hibernate ORM core version 5.6.8.Final
2022-05-10 13:17:35.796  INFO 9176 --- [main] o.hibernate.annotations.common.Version   : HCANN000001: Hibernate Commons Annotations {5.1.2.Final}
2022-05-10 13:17:36.273  INFO 9176 --- [main] org.hibernate.dialect.Dialect            : HHH000400: Using dialect: org.hibernate.dialect.MySQL8Dialect
2022-05-10 13:17:37.786  INFO 9176 --- [main] o.h.e.t.j.p.i.JtaPlatformInitiator       : HHH000490: Using JtaPlatform implementation: [org.hibernate.engine.transaction.jta.platform.internal.NoJtaPlatform]
2022-05-10 13:17:37.802  INFO 9176 --- [main] j.LocalContainerEntityManagerFactoryBean : Initialized JPA EntityManagerFactory for persistence unit 'default'
2022-05-10 13:17:39.463  INFO 9176 --- [main] c.s.s.service.ProductServiceImplTest     : Started ProductServiceImplTest in 10.372 seconds (JVM running for 13.82)
2022-05-10 13:17:40.229  INFO 9176 --- [main] c.s.s.service.ProductServiceImplTest     : Logging saved Product:Product(id=7, name=Iphone 11Pro, desc=from Apple Inc, price=1400.0) 
2022-05-10 13:17:40.319  INFO 9176 --- [SpringApplicationShutdownHook] j.LocalContainerEntityManagerFactoryBean : Closing JPA EntityManagerFactory for persistence unit 'default'
2022-05-10 13:17:40.340  INFO 9176 --- [SpringApplicationShutdownHook] com.zaxxer.hikari.HikariDataSource       : HikariPool-1 - Shutdown initiated...
2022-05-10 13:17:40.373  INFO 9176 --- [SpringApplicationShutdownHook] com.zaxxer.hikari.HikariDataSource       : HikariPool-1 - Shutdown completed.
2022-05-10 13:20:39.645  INFO 2480 --- [main] c.s.s.service.ProductServiceImplTest     : Starting ProductServiceImplTest using Java 1.8.0_05 on Vamshi with PID 2480 (started by abhinay in D:\SF Guru\spring-data-jpa-basics)
2022-05-10 13:20:39.650  INFO 2480 --- [main] c.s.s.service.ProductServiceImplTest     : No active profile set, falling back to 1 default profile: "default"
2022-05-10 13:20:40.952  INFO 2480 --- [main] .s.d.r.c.RepositoryConfigurationDelegate : Bootstrapping Spring Data JPA repositories in DEFAULT mode.
2022-05-10 13:20:41.180  INFO 2480 --- [main] .s.d.r.c.RepositoryConfigurationDelegate : Finished Spring Data repository scanning in 178 ms. Found 1 JPA repository interfaces.
2022-05-10 13:20:42.922  INFO 2480 --- [main] com.zaxxer.hikari.HikariDataSource       : HikariPool-1 - Starting...
2022-05-10 13:20:44.006  INFO 2480 --- [main] com.zaxxer.hikari.HikariDataSource       : HikariPool-1 - Start completed.
2022-05-10 13:20:44.233  INFO 2480 --- [main] o.hibernate.jpa.internal.util.LogHelper  : HHH000204: Processing PersistenceUnitInfo [name: default]
2022-05-10 13:20:44.404  INFO 2480 --- [main] org.hibernate.Version                    : HHH000412: Hibernate ORM core version 5.6.8.Final
2022-05-10 13:20:44.787  INFO 2480 --- [main] o.hibernate.annotations.common.Version   : HCANN000001: Hibernate Commons Annotations {5.1.2.Final}
2022-05-10 13:20:45.033  INFO 2480 --- [main] org.hibernate.dialect.Dialect            : HHH000400: Using dialect: org.hibernate.dialect.MySQL8Dialect
2022-05-10 13:20:46.085  INFO 2480 --- [main] o.h.e.t.j.p.i.JtaPlatformInitiator       : HHH000490: Using JtaPlatform implementation: [org.hibernate.engine.transaction.jta.platform.internal.NoJtaPlatform]
2022-05-10 13:20:46.115  INFO 2480 --- [main] j.LocalContainerEntityManagerFactoryBean : Initialized JPA EntityManagerFactory for persistence unit 'default'
2022-05-10 13:20:48.164  INFO 2480 --- [main] c.s.s.service.ProductServiceImplTest     : Started ProductServiceImplTest in 9.884 seconds (JVM running for 13.752)
2022-05-10 13:20:48.700  INFO 2480 --- [main] c.s.s.service.ProductServiceImplTest     : Logging products by findByDescLike() []
2022-05-10 13:20:48.770  INFO 2480 --- [SpringApplicationShutdownHook] j.LocalContainerEntityManagerFactoryBean : Closing JPA EntityManagerFactory for persistence unit 'default'
2022-05-10 13:20:48.780  INFO 2480 --- [SpringApplicationShutdownHook] com.zaxxer.hikari.HikariDataSource       : HikariPool-1 - Shutdown initiated...
2022-05-10 13:20:48.821  INFO 2480 --- [SpringApplicationShutdownHook] com.zaxxer.hikari.HikariDataSource       : HikariPool-1 - Shutdown completed.
2022-05-10 13:22:05.265  INFO 1656 --- [main] c.s.s.service.ProductServiceImplTest     : Starting ProductServiceImplTest using Java 1.8.0_05 on Vamshi with PID 1656 (started by abhinay in D:\SF Guru\spring-data-jpa-basics)
2022-05-10 13:22:05.269  INFO 1656 --- [main] c.s.s.service.ProductServiceImplTest     : No active profile set, falling back to 1 default profile: "default"
2022-05-10 13:22:06.465  INFO 1656 --- [main] .s.d.r.c.RepositoryConfigurationDelegate : Bootstrapping Spring Data JPA repositories in DEFAULT mode.
2022-05-10 13:22:06.641  INFO 1656 --- [main] .s.d.r.c.RepositoryConfigurationDelegate : Finished Spring Data repository scanning in 141 ms. Found 1 JPA repository interfaces.
2022-05-10 13:22:07.940  INFO 1656 --- [main] com.zaxxer.hikari.HikariDataSource       : HikariPool-1 - Starting...
2022-05-10 13:22:09.069  INFO 1656 --- [main] com.zaxxer.hikari.HikariDataSource       : HikariPool-1 - Start completed.
2022-05-10 13:22:09.323  INFO 1656 --- [main] o.hibernate.jpa.internal.util.LogHelper  : HHH000204: Processing PersistenceUnitInfo [name: default]
2022-05-10 13:22:09.509  INFO 1656 --- [main] org.hibernate.Version                    : HHH000412: Hibernate ORM core version 5.6.8.Final
2022-05-10 13:22:09.944  INFO 1656 --- [main] o.hibernate.annotations.common.Version   : HCANN000001: Hibernate Commons Annotations {5.1.2.Final}
2022-05-10 13:22:10.205  INFO 1656 --- [main] org.hibernate.dialect.Dialect            : HHH000400: Using dialect: org.hibernate.dialect.MySQL8Dialect
2022-05-10 13:22:11.555  INFO 1656 --- [main] o.h.e.t.j.p.i.JtaPlatformInitiator       : HHH000490: Using JtaPlatform implementation: [org.hibernate.engine.transaction.jta.platform.internal.NoJtaPlatform]
2022-05-10 13:22:11.575  INFO 1656 --- [main] j.LocalContainerEntityManagerFactoryBean : Initialized JPA EntityManagerFactory for persistence unit 'default'
2022-05-10 13:22:13.016  INFO 1656 --- [main] c.s.s.service.ProductServiceImplTest     : Started ProductServiceImplTest in 9.065 seconds (JVM running for 12.255)
2022-05-10 13:22:13.547  INFO 1656 --- [main] c.s.s.service.ProductServiceImplTest     : Logging products by findByDescLike() []
2022-05-10 13:22:13.586  INFO 1656 --- [SpringApplicationShutdownHook] j.LocalContainerEntityManagerFactoryBean : Closing JPA EntityManagerFactory for persistence unit 'default'
2022-05-10 13:22:13.591  INFO 1656 --- [SpringApplicationShutdownHook] com.zaxxer.hikari.HikariDataSource       : HikariPool-1 - Shutdown initiated...
2022-05-10 13:22:13.615  INFO 1656 --- [SpringApplicationShutdownHook] com.zaxxer.hikari.HikariDataSource       : HikariPool-1 - Shutdown completed.
2022-05-10 14:10:48.802  INFO 4384 --- [main] c.s.s.service.ProductServiceImplTest     : Starting ProductServiceImplTest using Java 1.8.0_05 on Vamshi with PID 4384 (started by abhinay in D:\SF Guru\spring-data-jpa-basics)
2022-05-10 14:10:48.805  INFO 4384 --- [main] c.s.s.service.ProductServiceImplTest     : No active profile set, falling back to 1 default profile: "default"
2022-05-10 14:10:49.944  INFO 4384 --- [main] .s.d.r.c.RepositoryConfigurationDelegate : Bootstrapping Spring Data JPA repositories in DEFAULT mode.
2022-05-10 14:10:50.295  INFO 4384 --- [main] .s.d.r.c.RepositoryConfigurationDelegate : Finished Spring Data repository scanning in 289 ms. Found 1 JPA repository interfaces.
2022-05-10 14:10:51.848  INFO 4384 --- [main] com.zaxxer.hikari.HikariDataSource       : HikariPool-1 - Starting...
2022-05-10 14:10:53.313  INFO 4384 --- [main] com.zaxxer.hikari.HikariDataSource       : HikariPool-1 - Start completed.
2022-05-10 14:10:53.457  INFO 4384 --- [main] o.hibernate.jpa.internal.util.LogHelper  : HHH000204: Processing PersistenceUnitInfo [name: default]
2022-05-10 14:10:53.829  INFO 4384 --- [main] org.hibernate.Version                    : HHH000412: Hibernate ORM core version 5.6.8.Final
2022-05-10 14:10:54.128  INFO 4384 --- [main] o.hibernate.annotations.common.Version   : HCANN000001: Hibernate Commons Annotations {5.1.2.Final}
2022-05-10 14:10:54.497  INFO 4384 --- [main] org.hibernate.dialect.Dialect            : HHH000400: Using dialect: org.hibernate.dialect.MySQL8Dialect
2022-05-10 14:10:55.519  INFO 4384 --- [main] o.h.e.t.j.p.i.JtaPlatformInitiator       : HHH000490: Using JtaPlatform implementation: [org.hibernate.engine.transaction.jta.platform.internal.NoJtaPlatform]
2022-05-10 14:10:55.534  INFO 4384 --- [main] j.LocalContainerEntityManagerFactoryBean : Initialized JPA EntityManagerFactory for persistence unit 'default'
2022-05-10 14:10:57.071  INFO 4384 --- [main] c.s.s.service.ProductServiceImplTest     : Started ProductServiceImplTest in 9.558 seconds (JVM running for 14.341)
2022-05-10 14:10:57.703  INFO 4384 --- [main] c.s.s.service.ProductServiceImplTest     : Logging products by findByIdsIn() [Product(id=1, name=Iphone, desc=from Apple Inc, price=800.0), Product(id=2, name=S20, desc=from Samsung Inc, price=1000.0), Product(id=3, name=Oneplus 8pro, desc=from Oneplus Inc, price=1200.0)]
2022-05-10 14:10:57.744  INFO 4384 --- [SpringApplicationShutdownHook] j.LocalContainerEntityManagerFactoryBean : Closing JPA EntityManagerFactory for persistence unit 'default'
2022-05-10 14:10:57.750  INFO 4384 --- [SpringApplicationShutdownHook] com.zaxxer.hikari.HikariDataSource       : HikariPool-1 - Shutdown initiated...
2022-05-10 14:10:57.786  INFO 4384 --- [SpringApplicationShutdownHook] com.zaxxer.hikari.HikariDataSource       : HikariPool-1 - Shutdown completed.
